<?xml version="1.0" encoding="UTF-8"?>
<testng-results ignored="0" total="1" passed="1" failed="0" skipped="0">
  <reporter-output>
  </reporter-output>
  <suite started-at="2024-05-16T15:41:17 IST" name="Default suite" finished-at="2024-05-16T15:41:55 IST" duration-ms="37527">
    <groups>
    </groups>
    <test started-at="2024-05-16T15:41:17 IST" name="Default test" finished-at="2024-05-16T15:41:55 IST" duration-ms="37527">
      <class name="appiumBasics.eCommerce_tc_3">
        <test-method is-config="true" signature="ConfigureAppium()[pri:0, instance:appiumBasics.eCommerce_tc_3@2a65fe7c]" started-at="2024-05-16T15:41:17 IST" name="ConfigureAppium" finished-at="2024-05-16T15:41:34 IST" duration-ms="16769" status="PASS">
          <reporter-output>
          </reporter-output>
        </test-method> <!-- ConfigureAppium -->
        <test-method signature="FillForm()[pri:0, instance:appiumBasics.eCommerce_tc_3@2a65fe7c]" started-at="2024-05-16T15:41:34 IST" name="FillForm" finished-at="2024-05-16T15:41:51 IST" duration-ms="16510" status="PASS">
          <reporter-output>
          </reporter-output>
        </test-method> <!-- FillForm -->
        <test-method is-config="true" signature="tearDown()[pri:0, instance:appiumBasics.eCommerce_tc_3@2a65fe7c]" started-at="2024-05-16T15:41:51 IST" name="tearDown" finished-at="2024-05-16T15:41:55 IST" duration-ms="4194" status="PASS">
          <reporter-output>
          </reporter-output>
        </test-method> <!-- tearDown -->
      </class> <!-- appiumBasics.eCommerce_tc_3 -->
    </test> <!-- Default test -->
  </suite> <!-- Default suite -->
</testng-results>
